<?xml version="1.0" encoding="UTF-8"?>
<testng-results skipped="0" failed="1" ignored="0" total="5" passed="4">
  <reporter-output>
  </reporter-output>
  <suite name="Default suite" duration-ms="16779" started-at="2021-03-22T15:14:48 IST" finished-at="2021-03-22T15:15:05 IST">
    <groups>
    </groups>
    <test name="Default test" duration-ms="16779" started-at="2021-03-22T15:14:48 IST" finished-at="2021-03-22T15:15:05 IST">
      <class name="godaddy.com.HomePageTest">
        <test-method status="PASS" signature="setUpTest()[pri:0, instance:godaddy.com.HomePageTest@33f88ab]" name="setUpTest" is-config="true" duration-ms="4301" started-at="2021-03-22T15:14:48 IST" finished-at="2021-03-22T15:14:52 IST">
          <reporter-output>
          </reporter-output>
        </test-method> <!-- setUpTest -->
        <test-method status="PASS" signature="checkGetPageSource()[pri:0, instance:godaddy.com.HomePageTest@33f88ab]" name="checkGetPageSource" duration-ms="2236" started-at="2021-03-22T15:14:52 IST" finished-at="2021-03-22T15:14:54 IST">
          <reporter-output>
          </reporter-output>
        </test-method> <!-- checkGetPageSource -->
        <test-method status="PASS" signature="checkPageTitle()[pri:0, instance:godaddy.com.HomePageTest@33f88ab]" name="checkPageTitle" duration-ms="1209" started-at="2021-03-22T15:14:54 IST" finished-at="2021-03-22T15:14:56 IST">
          <reporter-output>
          </reporter-output>
        </test-method> <!-- checkPageTitle -->
        <test-method status="PASS" signature="checkPageURL()[pri:0, instance:godaddy.com.HomePageTest@33f88ab]" name="checkPageURL" duration-ms="1306" started-at="2021-03-22T15:14:56 IST" finished-at="2021-03-22T15:14:57 IST">
          <reporter-output>
          </reporter-output>
        </test-method> <!-- checkPageURL -->
        <test-method status="PASS" signature="checkReSizeWindow()[pri:0, instance:godaddy.com.HomePageTest@33f88ab]" name="checkReSizeWindow" duration-ms="4717" started-at="2021-03-22T15:14:57 IST" finished-at="2021-03-22T15:15:02 IST">
          <reporter-output>
          </reporter-output>
        </test-method> <!-- checkReSizeWindow -->
        <test-method status="FAIL" signature="checkValidateTitleInPageSource()[pri:0, instance:godaddy.com.HomePageTest@33f88ab]" name="checkValidateTitleInPageSource" duration-ms="1548" started-at="2021-03-22T15:15:02 IST" finished-at="2021-03-22T15:15:03 IST">
          <exception class="java.lang.AssertionError">
            <message>
              <![CDATA[expected [true] but found [false]]]>
            </message>
            <full-stacktrace>
              <![CDATA[java.lang.AssertionError: expected [true] but found [false]
at org.testng.Assert.fail(Assert.java:99)
at org.testng.Assert.failNotEquals(Assert.java:1037)
at org.testng.Assert.assertTrue(Assert.java:45)
at org.testng.Assert.assertTrue(Assert.java:55)
at godaddy.com.BasePage.assertTrueIfContain(BasePage.java:26)
at godaddy.com.HomePageTest.checkValidateTitleInPageSource(HomePageTest.java:40)
at sun.reflect.NativeMethodAccessorImpl.invoke0(Native Method)
at sun.reflect.NativeMethodAccessorImpl.invoke(NativeMethodAccessorImpl.java:62)
at sun.reflect.DelegatingMethodAccessorImpl.invoke(DelegatingMethodAccessorImpl.java:43)
at java.lang.reflect.Method.invoke(Method.java:498)
at org.testng.internal.MethodInvocationHelper.invokeMethod(MethodInvocationHelper.java:132)
at org.testng.internal.TestInvoker.invokeMethod(TestInvoker.java:599)
at org.testng.internal.TestInvoker.invokeTestMethod(TestInvoker.java:174)
at org.testng.internal.MethodRunner.runInSequence(MethodRunner.java:46)
at org.testng.internal.TestInvoker$MethodInvocationAgent.invoke(TestInvoker.java:822)
at org.testng.internal.TestInvoker.invokeTestMethods(TestInvoker.java:147)
at org.testng.internal.TestMethodWorker.invokeTestMethods(TestMethodWorker.java:146)
at org.testng.internal.TestMethodWorker.run(TestMethodWorker.java:128)
at java.util.ArrayList.forEach(ArrayList.java:1259)
at org.testng.TestRunner.privateRun(TestRunner.java:764)
at org.testng.TestRunner.run(TestRunner.java:585)
at org.testng.SuiteRunner.runTest(SuiteRunner.java:384)
at org.testng.SuiteRunner.runSequentially(SuiteRunner.java:378)
at org.testng.SuiteRunner.privateRun(SuiteRunner.java:337)
at org.testng.SuiteRunner.run(SuiteRunner.java:286)
at org.testng.SuiteRunnerWorker.runSuite(SuiteRunnerWorker.java:53)
at org.testng.SuiteRunnerWorker.run(SuiteRunnerWorker.java:96)
at org.testng.TestNG.runSuitesSequentially(TestNG.java:1218)
at org.testng.TestNG.runSuitesLocally(TestNG.java:1140)
at org.testng.TestNG.runSuites(TestNG.java:1069)
at org.testng.TestNG.run(TestNG.java:1037)
at org.testng.remote.AbstractRemoteTestNG.run(AbstractRemoteTestNG.java:115)
at org.testng.remote.RemoteTestNG.initAndRun(RemoteTestNG.java:251)
at org.testng.remote.RemoteTestNG.main(RemoteTestNG.java:77)
]]>
            </full-stacktrace>
          </exception> <!-- java.lang.AssertionError -->
          <reporter-output>
          </reporter-output>
        </test-method> <!-- checkValidateTitleInPageSource -->
        <test-method status="PASS" signature="teardown()[pri:0, instance:godaddy.com.HomePageTest@33f88ab]" name="teardown" is-config="true" duration-ms="1390" started-at="2021-03-22T15:15:03 IST" finished-at="2021-03-22T15:15:05 IST">
          <reporter-output>
          </reporter-output>
        </test-method> <!-- teardown -->
      </class> <!-- godaddy.com.HomePageTest -->
    </test> <!-- Default test -->
  </suite> <!-- Default suite -->
</testng-results>
